2025-08-28 16:32:21,827 - INFO - 💪 성능 최적화 스레드 풀 시작 (4 workers)
2025-08-28 16:32:21,827 - INFO - 🚀 CentralizedDataManager 초기화 완료
2025-08-29 15:15:53,011 - INFO - 💪 성능 최적화 스레드 풀 시작 (4 workers)
2025-08-29 15:15:53,011 - INFO - 🚀 CentralizedDataManager 초기화 완료
2025-08-29 16:15:58,624 - INFO - 🧹 메모리 최적화 시작
2025-08-29 16:16:22,461 - INFO - 🧹 메모리 최적화 시작
2025-08-29 17:16:03,900 - INFO - 🧹 메모리 최적화 시작
2025-08-29 17:16:26,849 - INFO - 🧹 메모리 최적화 시작
2025-08-30 12:05:51,657 - INFO - 💪 성능 최적화 스레드 풀 시작 (4 workers)
2025-08-30 12:05:51,658 - INFO - 🚀 CentralizedDataManager 초기화 완료
2025-08-30 12:18:32,114 - INFO - 💪 성능 최적화 스레드 풀 시작 (4 workers)
2025-08-30 12:18:32,114 - INFO - 🚀 CentralizedDataManager 초기화 완료
2025-08-30 13:18:40,348 - INFO - 🧹 메모리 최적화 시작
2025-08-30 13:19:10,116 - INFO - 🧹 메모리 최적화 시작
2025-08-30 13:41:40,852 - INFO - 💪 성능 최적화 스레드 풀 시작 (4 workers)
2025-08-30 13:41:40,852 - INFO - 🚀 CentralizedDataManager 초기화 완료
2025-08-30 14:41:46,595 - INFO - 🧹 메모리 최적화 시작
2025-08-30 14:42:39,959 - INFO - 🧹 메모리 최적화 시작
2025-08-30 15:41:52,189 - INFO - 🧹 메모리 최적화 시작
2025-08-30 15:42:44,322 - INFO - 🧹 메모리 최적화 시작
2025-08-30 16:41:58,025 - INFO - 🧹 메모리 최적화 시작
2025-08-30 16:42:49,155 - INFO - 🧹 메모리 최적화 시작
2025-08-30 17:42:05,021 - INFO - 🧹 메모리 최적화 시작
2025-08-30 17:42:53,995 - INFO - 🧹 메모리 최적화 시작
2025-08-30 18:42:10,870 - INFO - 🧹 메모리 최적화 시작
2025-08-30 18:42:58,623 - INFO - 🧹 메모리 최적화 시작
2025-08-30 19:30:11,135 - INFO - 💪 성능 최적화 스레드 풀 시작 (4 workers)
2025-08-30 19:30:11,135 - INFO - 🚀 CentralizedDataManager 초기화 완료
2025-08-30 19:40:45,842 - INFO - 💪 성능 최적화 스레드 풀 시작 (4 workers)
2025-08-30 19:40:45,842 - INFO - 🚀 CentralizedDataManager 초기화 완료
2025-08-30 20:40:54,010 - INFO - 🧹 메모리 최적화 시작
2025-08-30 20:41:30,601 - INFO - 🧹 메모리 최적화 시작
2025-08-30 21:41:26,908 - INFO - 🧹 메모리 최적화 시작
2025-08-30 21:42:02,219 - INFO - 🧹 메모리 최적화 시작
2025-08-30 22:41:32,412 - INFO - 🧹 메모리 최적화 시작
2025-08-30 22:42:07,067 - INFO - 🧹 메모리 최적화 시작
2025-08-30 23:41:38,325 - INFO - 🧹 메모리 최적화 시작
2025-08-30 23:42:11,606 - INFO - 🧹 메모리 최적화 시작
2025-08-31 00:41:47,268 - INFO - 🧹 메모리 최적화 시작
2025-08-31 00:42:16,314 - INFO - 🧹 메모리 최적화 시작
2025-08-31 01:41:53,991 - INFO - 🧹 메모리 최적화 시작
2025-08-31 01:42:21,997 - INFO - 🧹 메모리 최적화 시작
2025-08-31 02:42:00,006 - INFO - 🧹 메모리 최적화 시작
2025-08-31 02:42:26,723 - INFO - 🧹 메모리 최적화 시작
2025-08-31 03:42:05,815 - INFO - 🧹 메모리 최적화 시작
2025-08-31 03:42:32,136 - INFO - 🧹 메모리 최적화 시작
2025-08-31 04:42:12,507 - INFO - 🧹 메모리 최적화 시작
2025-08-31 04:42:36,778 - INFO - 🧹 메모리 최적화 시작
2025-08-31 05:42:18,952 - INFO - 🧹 메모리 최적화 시작
2025-08-31 05:42:41,942 - INFO - 🧹 메모리 최적화 시작
2025-08-31 06:42:25,012 - INFO - 🧹 메모리 최적화 시작
2025-08-31 06:42:47,178 - INFO - 🧹 메모리 최적화 시작
2025-08-31 07:42:31,906 - INFO - 🧹 메모리 최적화 시작
2025-08-31 07:42:53,318 - INFO - 🧹 메모리 최적화 시작
2025-08-31 10:50:29,349 - INFO - 💪 성능 최적화 스레드 풀 시작 (4 workers)
2025-08-31 10:50:29,349 - INFO - 🚀 CentralizedDataManager 초기화 완료
2025-08-31 10:50:30,229 - INFO - 🚀 트레이딩 봇 시작 - API 초기화
2025-08-31 10:50:30,229 - INFO - 🔑 Upbit API 초기화 시작...
2025-08-31 10:50:30,342 - INFO - ✅ Upbit API 초기화 및 연결 테스트 성공
2025-08-31 10:50:30,342 - INFO - ✅ 실거래 모드 사용 가능
2025-08-31 11:27:33,651 - INFO - 💪 성능 최적화 스레드 풀 시작 (4 workers)
2025-08-31 11:27:33,651 - INFO - 🚀 CentralizedDataManager 초기화 완료
2025-08-31 11:27:34,344 - INFO - 🚀 트레이딩 봇 시작 - API 초기화
2025-08-31 11:27:34,344 - INFO - 🔑 Upbit API 초기화 시작...
2025-08-31 11:27:34,436 - INFO - ✅ Upbit API 초기화 및 연결 테스트 성공
2025-08-31 11:27:34,436 - INFO - ✅ 실거래 모드 사용 가능
