2025-09-04 07:33:43,580 - INFO - ✅ 설정 파일 로드 성공: /Users/maccrey/Development/Auto-Trading/trading/config.json
2025-09-04 07:33:43,580 - INFO - 🔄 업비트 API 초기화 시작...
2025-09-04 07:33:43,580 - INFO - 🧪 API 연결 테스트 중...
2025-09-04 07:33:43,691 - INFO - ✅ 업비트 API 연결 성공
2025-09-04 07:33:43,691 - INFO - 📊 계좌에서 3개의 자산 발견
2025-09-04 07:33:43,765 - INFO - 📊 총 3개의 자산 발견
2025-09-04 07:33:43,765 - INFO - 💰 KRW 잔고 발견: 0원
2025-09-04 07:33:43,766 - INFO - ✅ 잔고 조회 완료:
2025-09-04 07:33:43,766 - INFO -    💰 KRW: 0원
2025-09-04 07:33:43,766 - INFO -    🪙 XRP: 0.000000
2025-09-04 07:33:43,766 - INFO - 💰 실거래 모드 잔고 조회 완료 - KRW: 0원, XRP: 0.000000
2025-09-04 07:37:09,492 - INFO - ✅ 설정 파일 로드 성공: /Users/maccrey/Development/Auto-Trading/trading/config.json
2025-09-04 07:37:09,493 - ERROR - ❌ 트레이딩 상태 로드 오류: Expecting value: line 1 column 1 (char 0)
2025-09-04 07:37:09,493 - INFO - 🚀 XRP 그리드 트레이딩 시작
2025-09-04 07:37:09,493 - INFO - ✅ 설정 검증 완료
2025-09-04 07:37:09,493 - INFO - 🔄 업비트 API 초기화 시작...
2025-09-04 07:37:09,493 - INFO - 🧪 API 연결 테스트 중...
2025-09-04 07:37:09,588 - INFO - ✅ 업비트 API 연결 성공
2025-09-04 07:37:09,588 - INFO - 📊 계좌에서 3개의 자산 발견
2025-09-04 07:37:09,588 - INFO - 🔄 업비트 계좌 정보 동기화 중...
2025-09-04 07:37:09,588 - INFO - 🎮 데모 모드: config.json에서 초기 잔고 설정 중...
2025-09-04 07:37:09,588 - INFO - 📊 데모 모드 잔고 설정 완료:
2025-09-04 07:37:09,588 - INFO -    💰 KRW 잔고: 0원
2025-09-04 07:37:09,588 - INFO -    🪙 XRP 잔고: 0.000000
2025-09-04 07:37:09,641 - INFO -    💎 총 자산 가치: 0원
2025-09-04 07:37:09,643 - INFO - ✅ 설정 파일 저장 완료
2025-09-04 07:37:09,643 - INFO - ✅ 초기 잔고 업데이트 완료 (데모 모드)
2025-09-04 07:37:09,643 - INFO -    💰 KRW 잔고: 0원
2025-09-04 07:37:09,643 - INFO -    🪙 XRP 잔고: 0.000000 XRP
2025-09-04 07:37:09,643 - INFO -    💵 설정된 투자금액: 0원
2025-09-04 07:37:09,766 - INFO - 📊 가격 범위: 3915.05 ~ 4001.95원
2025-09-04 07:37:09,766 - INFO - 🎯 현재 가격: 3945.00원
2025-09-04 07:37:09,766 - INFO - 🔢 그리드 개수: 20개
2025-09-04 07:37:09,766 - INFO - 💵 투자 금액: 0원
2025-09-04 07:37:09,766 - INFO - 🎯 초기 포트폴리오 가치: 0원
2025-09-04 07:37:09,766 - INFO - 🛑 스탑로스 기준: 0원 (-3.0%)
2025-09-04 07:37:09,770 - INFO - 🔄 그리드 트레이딩 루프 시작
2025-09-04 07:37:09,770 - INFO - ✅ XRP 그리드 트레이딩 시작 완료
2025-09-04 07:37:09,771 - INFO - 🛑 트레이딩 중지 요청
2025-09-04 07:37:09,771 - INFO - ✅ XRP 그리드 트레이딩 중지 완료
2025-09-04 07:37:25,351 - INFO - ✅ 설정 파일 로드 성공: /Users/maccrey/Development/Auto-Trading/trading/config.json
2025-09-04 07:48:42,467 - INFO - ✅ 설정 파일 로드 성공: /Users/maccrey/Development/Auto-Trading/trading/config.json
2025-09-04 07:48:42,468 - INFO - 💵 투자금액 업데이트: 300,000원
2025-09-04 07:48:42,468 - INFO - 📊 그리드 개수 업데이트: 30개
2025-09-04 07:48:42,468 - INFO - ✅ 설정 파일 저장 완료
2025-09-04 07:48:42,468 - INFO - 💾 변경된 설정을 config.json에 저장
2025-09-04 07:48:42,468 - INFO - ✅ 트레이딩 상태 로드 성공
2025-09-04 07:48:42,468 - INFO - 🚀 XRP 그리드 트레이딩 시작
2025-09-04 07:48:42,468 - INFO - ✅ 설정 검증 완료
2025-09-04 07:48:42,468 - INFO - 🔄 업비트 API 초기화 시작...
2025-09-04 07:48:42,468 - INFO - 🧪 API 연결 테스트 중...
2025-09-04 07:48:42,584 - INFO - ✅ 업비트 API 연결 성공
2025-09-04 07:48:42,584 - INFO - 📊 계좌에서 3개의 자산 발견
2025-09-04 07:48:42,584 - INFO - 🔄 업비트 계좌 정보 동기화 중...
2025-09-04 07:48:42,584 - INFO - 🎮 데모 모드: 투자금액 기반 초기 잔고 설정 중...
2025-09-04 07:48:42,584 - INFO - 💵 투자금액 기반 설정: 0원
2025-09-04 07:48:42,584 - INFO - 📊 데모 모드 잔고 설정 완료:
2025-09-04 07:48:42,584 - INFO -    💰 KRW 잔고: 0원
2025-09-04 07:48:42,584 - INFO -    🪙 XRP 잔고: 0.000000
2025-09-04 07:48:42,584 - INFO -    💵 사용할 투자금액: 0원
2025-09-04 07:48:42,633 - INFO -    💎 총 자산 가치: 0원
2025-09-04 07:48:42,633 - INFO - 📊 투자금액을 실제 잔고에 맞춰 조정: 0원 → 0원
2025-09-04 07:48:42,634 - INFO - ✅ 설정 파일 저장 완료
2025-09-04 07:48:42,634 - INFO - ✅ 초기 잔고 업데이트 완료 (데모 모드)
2025-09-04 07:48:42,634 - INFO -    💰 KRW 잔고: 0원
2025-09-04 07:48:42,634 - INFO -    🪙 XRP 잔고: 0.000000 XRP
2025-09-04 07:48:42,634 - INFO -    💵 설정된 투자금액: 0원
2025-09-04 07:48:42,634 - INFO - 🔍 투자금액 검증:
2025-09-04 07:48:42,634 - INFO -    💵 설정된 투자금액: 0원
2025-09-04 07:48:42,634 - INFO -    💰 현재 KRW 잔고: 0원
2025-09-04 07:48:42,634 - INFO -    🪙 현재 XRP 잔고: 0.000000
2025-09-04 07:48:42,785 - INFO - 📊 가격 범위: 3915.05 ~ 4001.95원
2025-09-04 07:48:42,785 - INFO - 🎯 현재 가격: 3944.00원
2025-09-04 07:48:42,785 - INFO - 🔢 그리드 개수: 20개
2025-09-04 07:48:42,785 - INFO - 💵 투자 금액: 0원
2025-09-04 07:48:42,785 - INFO - 🎯 초기 포트폴리오 가치: 0원
2025-09-04 07:48:42,785 - INFO - 🛑 스탑로스 기준: 0원 (-3.0%)
2025-09-04 07:48:42,786 - INFO - 🔄 그리드 트레이딩 루프 시작
2025-09-04 07:48:42,786 - INFO - ✅ XRP 그리드 트레이딩 시작 완료
2025-09-04 07:48:42,786 - INFO - 🛑 트레이딩 중지 요청
2025-09-04 07:48:42,787 - INFO - ✅ XRP 그리드 트레이딩 중지 완료
2025-09-04 07:50:17,535 - INFO - ✅ 설정 파일 로드 성공: /Users/maccrey/Development/Auto-Trading/trading/config.json
2025-09-04 07:50:17,535 - INFO - 💵 투자금액 업데이트: 300,000원
2025-09-04 07:50:17,535 - INFO - 📊 그리드 개수 업데이트: 30개
2025-09-04 07:50:17,535 - INFO - ✅ 설정 파일 저장 완료
2025-09-04 07:50:17,535 - INFO - 💾 변경된 설정을 config.json에 저장
2025-09-04 07:50:17,536 - INFO - ✅ 트레이딩 상태 로드 성공 (사용자 설정 보존)
2025-09-04 07:50:17,536 - INFO - 🚀 XRP 그리드 트레이딩 시작
2025-09-04 07:50:17,536 - INFO - ✅ 설정 검증 완료
2025-09-04 07:50:17,536 - INFO - 🔄 업비트 API 초기화 시작...
2025-09-04 07:50:17,536 - INFO - 🧪 API 연결 테스트 중...
2025-09-04 07:50:17,641 - INFO - ✅ 업비트 API 연결 성공
2025-09-04 07:50:17,641 - INFO - 📊 계좌에서 3개의 자산 발견
2025-09-04 07:50:17,641 - INFO - 🔄 업비트 계좌 정보 동기화 중...
2025-09-04 07:50:17,641 - INFO - 🎮 데모 모드: 투자금액 기반 초기 잔고 설정 중...
2025-09-04 07:50:17,641 - INFO - 💵 투자금액 기반 설정: 300,000원
2025-09-04 07:50:17,641 - INFO - 📊 데모 모드 잔고 설정 완료:
2025-09-04 07:50:17,641 - INFO -    💰 KRW 잔고: 300,000원
2025-09-04 07:50:17,641 - INFO -    🪙 XRP 잔고: 0.000000
2025-09-04 07:50:17,641 - INFO -    💵 사용할 투자금액: 300,000원
2025-09-04 07:50:17,964 - INFO -    💎 총 자산 가치: 300,000원
2025-09-04 07:50:17,964 - INFO - 📊 투자금액을 실제 잔고에 맞춰 조정: 300,000원 → 270,000원
2025-09-04 07:50:17,964 - INFO - ✅ 설정 파일 저장 완료
2025-09-04 07:50:17,964 - INFO - ✅ 초기 잔고 업데이트 완료 (데모 모드)
2025-09-04 07:50:17,964 - INFO -    💰 KRW 잔고: 300,000원
2025-09-04 07:50:17,964 - INFO -    🪙 XRP 잔고: 0.000000 XRP
2025-09-04 07:50:17,964 - INFO -    💵 설정된 투자금액: 270,000원
2025-09-04 07:50:17,964 - INFO - 🔍 투자금액 검증:
2025-09-04 07:50:17,964 - INFO -    💵 설정된 투자금액: 270,000원
2025-09-04 07:50:17,964 - INFO -    💰 현재 KRW 잔고: 300,000원
2025-09-04 07:50:17,964 - INFO -    🪙 현재 XRP 잔고: 0.000000
2025-09-04 07:50:18,102 - INFO - 📊 가격 범위: 3915.05 ~ 4001.95원
2025-09-04 07:50:18,102 - INFO - 🎯 현재 가격: 3943.00원
2025-09-04 07:50:18,102 - INFO - 🔢 그리드 개수: 30개
2025-09-04 07:50:18,102 - INFO - 💵 투자 금액: 270,000원
2025-09-04 07:50:18,102 - INFO - 🎯 초기 포트폴리오 가치: 300,000원
2025-09-04 07:50:18,102 - INFO - 🛑 스탑로스 기준: 291,000원 (-3.0%)
2025-09-04 07:50:18,103 - INFO - 🔄 그리드 트레이딩 루프 시작
2025-09-04 07:50:18,103 - INFO - ✅ XRP 그리드 트레이딩 시작 완료
2025-09-04 07:50:18,103 - INFO - 🛑 트레이딩 중지 요청
2025-09-04 07:50:18,104 - INFO - ✅ XRP 그리드 트레이딩 중지 완료
2025-09-04 07:50:41,995 - INFO - ✅ 설정 파일 로드 성공: /Users/maccrey/Development/Auto-Trading/trading/config.json
2025-09-04 07:50:41,995 - INFO - 💵 투자금액 업데이트: 300,000원
2025-09-04 07:50:41,995 - INFO - 📊 그리드 개수 업데이트: 20개
2025-09-04 07:50:41,996 - INFO - ✅ 설정 파일 저장 완료
2025-09-04 07:50:41,996 - INFO - 💾 변경된 설정을 config.json에 저장
2025-09-04 07:50:41,996 - INFO - ✅ 트레이딩 상태 로드 성공 (사용자 설정 보존)
2025-09-04 07:50:41,996 - INFO - 🚀 XRP 그리드 트레이딩 시작
2025-09-04 07:50:41,996 - INFO - ✅ 설정 검증 완료
2025-09-04 07:50:41,996 - INFO - 🔄 업비트 API 초기화 시작...
2025-09-04 07:50:41,996 - INFO - 🧪 API 연결 테스트 중...
2025-09-04 07:50:42,071 - INFO - ✅ 업비트 API 연결 성공
2025-09-04 07:50:42,071 - INFO - 📊 계좌에서 3개의 자산 발견
2025-09-04 07:50:42,071 - INFO - 🔄 업비트 계좌 정보 동기화 중...
2025-09-04 07:50:42,071 - INFO - 🎮 데모 모드: 투자금액 기반 초기 잔고 설정 중...
2025-09-04 07:50:42,071 - INFO - 💵 투자금액 기반 설정: 300,000원
2025-09-04 07:50:42,071 - INFO - 📊 데모 모드 잔고 설정 완료:
2025-09-04 07:50:42,071 - INFO -    💰 KRW 잔고: 300,000원
2025-09-04 07:50:42,071 - INFO -    🪙 XRP 잔고: 0.000000
2025-09-04 07:50:42,071 - INFO -    💵 사용할 투자금액: 300,000원
2025-09-04 07:50:42,117 - INFO -    💎 총 자산 가치: 300,000원
2025-09-04 07:50:42,117 - INFO - 📊 투자금액을 실제 잔고에 맞춰 조정: 300,000원 → 270,000원
2025-09-04 07:50:42,118 - INFO - ✅ 설정 파일 저장 완료
2025-09-04 07:50:42,118 - INFO - ✅ 초기 잔고 업데이트 완료 (데모 모드)
2025-09-04 07:50:42,118 - INFO -    💰 KRW 잔고: 300,000원
2025-09-04 07:50:42,118 - INFO -    🪙 XRP 잔고: 0.000000 XRP
2025-09-04 07:50:42,118 - INFO -    💵 설정된 투자금액: 270,000원
2025-09-04 07:50:42,118 - INFO - 🔍 투자금액 검증:
2025-09-04 07:50:42,118 - INFO -    💵 설정된 투자금액: 270,000원
2025-09-04 07:50:42,118 - INFO -    💰 현재 KRW 잔고: 300,000원
2025-09-04 07:50:42,118 - INFO -    🪙 현재 XRP 잔고: 0.000000
2025-09-04 07:50:42,244 - INFO - 📊 가격 범위: 3915.05 ~ 4001.95원
2025-09-04 07:50:42,244 - INFO - 🎯 현재 가격: 3943.00원
2025-09-04 07:50:42,244 - INFO - 🔢 그리드 개수: 20개
2025-09-04 07:50:42,244 - INFO - 💵 투자 금액: 270,000원
2025-09-04 07:50:42,244 - INFO - 🎯 초기 포트폴리오 가치: 300,000원
2025-09-04 07:50:42,244 - INFO - 🛑 스탑로스 기준: 291,000원 (-3.0%)
2025-09-04 07:50:42,245 - INFO - 🔄 그리드 트레이딩 루프 시작
2025-09-04 07:50:42,245 - INFO - ✅ XRP 그리드 트레이딩 시작 완료
2025-09-04 07:50:42,245 - INFO - 🛑 트레이딩 중지 요청
2025-09-04 07:50:42,246 - INFO - ✅ XRP 그리드 트레이딩 중지 완료
2025-09-04 08:21:52,060 - INFO - ✅ 설정 파일 로드 성공: /Users/maccrey/Development/Auto-Trading/trading/config.json
2025-09-04 08:21:52,061 - INFO - 🔄 업비트 API 초기화 시작...
2025-09-04 08:21:52,062 - INFO - 🧪 API 연결 테스트 중...
2025-09-04 08:21:52,215 - INFO - ✅ 업비트 API 연결 성공
2025-09-04 08:21:52,216 - INFO - 📊 계좌에서 3개의 자산 발견
2025-09-04 08:21:52,289 - INFO - 📊 총 3개의 자산 발견
2025-09-04 08:21:52,289 - INFO - 💰 KRW 잔고 발견: 0원
2025-09-04 08:21:52,289 - INFO - ✅ 잔고 조회 완료:
2025-09-04 08:21:52,289 - INFO -    💰 KRW: 0원
2025-09-04 08:21:52,289 - INFO -    🪙 XRP: 0.000000
2025-09-04 08:21:52,289 - INFO - 💰 실거래 모드 잔고 조회 완료 - KRW: 0원, XRP: 0.000000
2025-09-04 08:21:59,494 - INFO - ✅ 설정 파일 로드 성공: /Users/maccrey/Development/Auto-Trading/trading/config.json
2025-09-04 08:22:16,661 - INFO - ✅ 설정 파일 로드 성공: /Users/maccrey/Development/Auto-Trading/trading/config.json
2025-09-04 08:22:16,662 - INFO - ✅ 트레이딩 상태 로드 성공 (사용자 설정 보존)
2025-09-04 08:22:16,662 - INFO - 🚀 XRP 그리드 트레이딩 시작
2025-09-04 08:22:16,662 - INFO - ✅ 설정 검증 완료
2025-09-04 08:22:16,662 - INFO - 🔄 업비트 API 초기화 시작...
2025-09-04 08:22:16,662 - INFO - 🧪 API 연결 테스트 중...
2025-09-04 08:22:16,725 - INFO - ✅ 업비트 API 연결 성공
2025-09-04 08:22:16,725 - INFO - 📊 계좌에서 3개의 자산 발견
2025-09-04 08:22:16,725 - INFO - 🔄 업비트 계좌 정보 동기화 중...
2025-09-04 08:22:16,726 - INFO - 🎮 데모 모드: 투자금액 기반 초기 잔고 설정 중...
2025-09-04 08:22:16,726 - INFO - 💵 투자금액 기반 설정: 243,000원
2025-09-04 08:22:16,726 - INFO - 📊 데모 모드 잔고 설정 완료:
2025-09-04 08:22:16,726 - INFO -    💰 KRW 잔고: 243,000원
2025-09-04 08:22:16,726 - INFO -    🪙 XRP 잔고: 0.000000
2025-09-04 08:22:16,726 - INFO -    💵 사용할 투자금액: 243,000원
2025-09-04 08:22:16,780 - INFO -    💎 총 자산 가치: 243,000원 (KRW: 243,000원 + XRP: 0.000000 × 3,949원)
2025-09-04 08:22:16,781 - INFO - ✅ 설정 파일 저장 완료
2025-09-04 08:22:16,781 - INFO - ✅ 초기 잔고 업데이트 완료 (데모 모드)
2025-09-04 08:22:16,781 - INFO -    💰 KRW 잔고: 243,000원
2025-09-04 08:22:16,781 - INFO -    🪙 XRP 잔고: 0.000000 XRP
2025-09-04 08:22:16,781 - INFO -    💵 설정된 투자금액: 243,000원
2025-09-04 08:22:16,781 - INFO - 🔍 투자금액 검증:
2025-09-04 08:22:16,781 - INFO -    💵 설정된 투자금액: 243,000원
2025-09-04 08:22:16,781 - INFO -    💰 현재 KRW 잔고: 243,000원
2025-09-04 08:22:16,781 - INFO -    🪙 현재 XRP 잔고: 0.000000
2025-09-04 08:22:16,920 - INFO - 📊 가격 범위: 3915.05 ~ 4001.95원
2025-09-04 08:22:16,920 - INFO - 🎯 현재 가격: 3949.00원
2025-09-04 08:22:16,920 - INFO - 🔢 그리드 개수: 20개
2025-09-04 08:22:16,920 - INFO - 💵 투자 금액: 243,000원
2025-09-04 08:22:16,920 - INFO - 🎯 초기 포트폴리오 가치: 243,000원
2025-09-04 08:22:16,920 - INFO - 🛑 스탑로스 기준: 235,710원 (-3.0%)
2025-09-04 08:22:16,921 - INFO - 🔄 그리드 트레이딩 루프 시작
2025-09-04 08:22:16,922 - INFO - ✅ XRP 그리드 트레이딩 시작 완료
2025-09-04 08:22:16,922 - INFO - 🛑 트레이딩 중지 요청
2025-09-04 08:22:16,922 - INFO - ✅ XRP 그리드 트레이딩 중지 완료
2025-09-04 08:22:23,810 - INFO - ✅ 설정 파일 로드 성공: /Users/maccrey/Development/Auto-Trading/trading/config.json
2025-09-04 08:22:23,811 - INFO - 🔄 업비트 API 초기화 시작...
2025-09-04 08:22:23,811 - INFO - 🧪 API 연결 테스트 중...
2025-09-04 08:22:23,888 - INFO - ✅ 업비트 API 연결 성공
2025-09-04 08:22:23,888 - INFO - 📊 계좌에서 3개의 자산 발견
2025-09-04 08:22:23,888 - INFO - 💸 실거래 모드: 업비트에서 현재 잔고 조회 중...
2025-09-04 08:22:23,888 - INFO - 🔍 업비트 API에서 최신 계좌 정보 조회 중...
2025-09-04 08:22:23,981 - INFO - 📊 총 3개의 자산 발견
2025-09-04 08:22:23,982 - INFO - 💰 KRW 잔고 발견: 0원
2025-09-04 08:22:23,982 - INFO - ✅ 잔고 조회 완료:
2025-09-04 08:22:23,982 - INFO -    💰 KRW: 0원
2025-09-04 08:22:23,982 - INFO -    🪙 XRP: 0.000000
2025-09-04 08:22:23,982 - INFO - 💰 실거래 모드 잔고 조회 완료 - KRW: 0원, XRP: 0.000000
2025-09-04 08:22:24,035 - INFO -    💎 총 자산 가치: 0원 (KRW: 0원 + XRP: 0.000000 × 3,948원)
2025-09-04 08:22:24,035 - INFO -    📊 자산 비율: KRW 100.0%, XRP 0.0%
2025-09-04 08:22:24,035 - INFO - 🧠 적극적 매수 전략 적용: 0원 투자
2025-09-04 08:22:24,035 - INFO - ✅ 설정 파일 저장 완료
2025-09-04 08:22:24,036 - INFO - ✅ 초기 잔고 업데이트 완료 (실거래 모드)
2025-09-04 08:22:24,036 - INFO -    💰 KRW 잔고: 0원
2025-09-04 08:22:24,036 - INFO -    🪙 XRP 잔고: 0.000000 XRP
2025-09-04 08:22:24,036 - INFO -    💵 설정된 투자금액: 0원
2025-09-04 08:22:24,036 - INFO - ✅ 트레이딩 상태 로드 성공 (사용자 설정 보존)
2025-09-04 08:22:24,036 - INFO - 🚀 XRP 그리드 트레이딩 시작
2025-09-04 08:22:24,036 - INFO - ✅ 설정 검증 완료
2025-09-04 08:22:24,036 - INFO - 🔄 업비트 API 초기화 시작...
2025-09-04 08:22:24,036 - INFO - 🧪 API 연결 테스트 중...
2025-09-04 08:22:24,130 - INFO - ✅ 업비트 API 연결 성공
2025-09-04 08:22:24,130 - INFO - 📊 계좌에서 3개의 자산 발견
2025-09-04 08:22:24,130 - INFO - 🔄 업비트 계좌 정보 동기화 중...
2025-09-04 08:22:24,130 - INFO - 💸 실거래 모드: 업비트에서 현재 잔고 조회 중...
2025-09-04 08:22:24,130 - INFO - 🔍 업비트 API에서 최신 계좌 정보 조회 중...
2025-09-04 08:22:24,239 - INFO - 📊 총 3개의 자산 발견
2025-09-04 08:22:24,239 - INFO - 💰 KRW 잔고 발견: 0원
2025-09-04 08:22:24,239 - INFO - ✅ 잔고 조회 완료:
2025-09-04 08:22:24,239 - INFO -    💰 KRW: 0원
2025-09-04 08:22:24,239 - INFO -    🪙 XRP: 0.000000
2025-09-04 08:22:24,239 - INFO - 💰 실거래 모드 잔고 조회 완료 - KRW: 0원, XRP: 0.000000
2025-09-04 08:22:24,295 - INFO -    💎 총 자산 가치: 0원 (KRW: 0원 + XRP: 0.000000 × 3,948원)
2025-09-04 08:22:24,295 - INFO -    📊 자산 비율: KRW 100.0%, XRP 0.0%
2025-09-04 08:22:24,295 - INFO - 🧠 적극적 매수 전략 적용: 0원 투자
2025-09-04 08:22:24,296 - INFO - ✅ 설정 파일 저장 완료
2025-09-04 08:22:24,296 - INFO - ✅ 초기 잔고 업데이트 완료 (실거래 모드)
2025-09-04 08:22:24,296 - INFO -    💰 KRW 잔고: 0원
2025-09-04 08:22:24,296 - INFO -    🪙 XRP 잔고: 0.000000 XRP
2025-09-04 08:22:24,296 - INFO -    💵 설정된 투자금액: 0원
2025-09-04 08:22:24,296 - INFO - 🔍 투자금액 검증:
2025-09-04 08:22:24,296 - INFO -    💵 설정된 투자금액: 0원
2025-09-04 08:22:24,296 - INFO -    💰 현재 KRW 잔고: 0원
2025-09-04 08:22:24,296 - INFO -    🪙 현재 XRP 잔고: 0.000000
2025-09-04 08:22:24,415 - INFO - 📊 가격 범위: 3915.05 ~ 4001.95원
2025-09-04 08:22:24,415 - INFO - 🎯 현재 가격: 3948.00원
2025-09-04 08:22:24,415 - INFO - 🔢 그리드 개수: 20개
2025-09-04 08:22:24,415 - INFO - 💵 투자 금액: 0원
2025-09-04 08:22:24,415 - INFO - 🎯 초기 포트폴리오 가치: 0원
2025-09-04 08:22:24,415 - INFO - 🛑 스탑로스 기준: 0원 (-3.0%)
2025-09-04 08:22:24,416 - INFO - 🔄 그리드 트레이딩 루프 시작
2025-09-04 08:22:24,416 - INFO - ✅ XRP 그리드 트레이딩 시작 완료
2025-09-04 08:22:24,416 - INFO - 🛑 트레이딩 중지 요청
2025-09-04 08:22:24,416 - INFO - ✅ XRP 그리드 트레이딩 중지 완료
